{"level":"info","time":"2025-07-19T15:41:25+08:00","message":"Logger initialized"}
{"level":"info","time":"2025-07-19T15:41:25+08:00","message":"[Phase 1/3] Starting Initialization..."}
{"level":"info","file":"config/vuln_config.yaml","time":"2025-07-19T15:41:25+08:00","message":"[Phase 1/3] Configuration loaded."}
{"level":"info","time":"2025-07-19T15:41:25+08:00","message":"[Phase 1/3] Redis is disabled in the configuration."}
{"level":"info","time":"2025-07-19T15:41:25+08:00","message":"[Phase 1/3] Initialization complete."}
{"level":"info","time":"2025-07-19T15:41:25+08:00","message":"Starting Orchestrator..."}
{"level":"info","time":"2025-07-19T15:41:25+08:00","message":"SQLi plugin registered."}
{"level":"error","error":"failed to load XSS payloads: json: cannot unmarshal object into Go struct field .payloads of type string","time":"2025-07-19T15:41:25+08:00","message":"Failed to initialize XSS plugin"}
{"level":"info","time":"2025-07-19T15:41:25+08:00","message":"Orchestrator starting..."}
{"level":"info","time":"2025-07-19T15:41:25+08:00","message":"Extracting URLs from robots.txt..."}
{"level":"warn","error":"robots.txt returned status code 404","source":"robotstxt","time":"2025-07-19T15:41:26+08:00","message":"Failed to extract URLs"}
{"level":"info","time":"2025-07-19T15:41:26+08:00","message":"Extracting URLs from sitemap.xml..."}
{"level":"info","count":0,"time":"2025-07-19T15:41:33+08:00","message":"Extracted URLs from sitemap"}
{"level":"info","url":"http://testphp.vulnweb.com/","time":"2025-07-19T15:41:33+08:00","message":"Added initial URL to queue"}
{"level":"info","options":"marshaling error: json: unsupported type: func(*chromedp.ExecAllocator)","time":"2025-07-19T15:41:33+08:00","message":"Chromedp allocator options"}
{"level":"info","options":"marshaling error: json: unsupported type: func(*chromedp.ExecAllocator)","time":"2025-07-19T15:41:43+08:00","message":"Chromedp allocator options"}
{"level":"info","options":"marshaling error: json: unsupported type: func(*chromedp.ExecAllocator)","time":"2025-07-19T15:41:43+08:00","message":"Chromedp allocator options"}
{"level":"info","options":"marshaling error: json: unsupported type: func(*chromedp.ExecAllocator)","time":"2025-07-19T15:41:43+08:00","message":"Chromedp allocator options"}
{"level":"info","options":"marshaling error: json: unsupported type: func(*chromedp.ExecAllocator)","time":"2025-07-19T15:41:43+08:00","message":"Chromedp allocator options"}
{"level":"info","options":"marshaling error: json: unsupported type: func(*chromedp.ExecAllocator)","time":"2025-07-19T15:41:43+08:00","message":"Chromedp allocator options"}
{"level":"info","options":"marshaling error: json: unsupported type: func(*chromedp.ExecAllocator)","time":"2025-07-19T15:41:43+08:00","message":"Chromedp allocator options"}
{"level":"info","options":"marshaling error: json: unsupported type: func(*chromedp.ExecAllocator)","time":"2025-07-19T15:41:43+08:00","message":"Chromedp allocator options"}
{"level":"info","options":"marshaling error: json: unsupported type: func(*chromedp.ExecAllocator)","time":"2025-07-19T15:41:43+08:00","message":"Chromedp allocator options"}
{"level":"info","options":"marshaling error: json: unsupported type: func(*chromedp.ExecAllocator)","time":"2025-07-19T15:41:43+08:00","message":"Chromedp allocator options"}
{"level":"info","options":"marshaling error: json: unsupported type: func(*chromedp.ExecAllocator)","time":"2025-07-19T15:41:43+08:00","message":"Chromedp allocator options"}
{"level":"info","options":"marshaling error: json: unsupported type: func(*chromedp.ExecAllocator)","time":"2025-07-19T15:41:43+08:00","message":"Chromedp allocator options"}
{"level":"info","options":"marshaling error: json: unsupported type: func(*chromedp.ExecAllocator)","time":"2025-07-19T15:41:43+08:00","message":"Chromedp allocator options"}
{"level":"info","options":"marshaling error: json: unsupported type: func(*chromedp.ExecAllocator)","time":"2025-07-19T15:41:43+08:00","message":"Chromedp allocator options"}
{"level":"info","options":"marshaling error: json: unsupported type: func(*chromedp.ExecAllocator)","time":"2025-07-19T15:41:43+08:00","message":"Chromedp allocator options"}
{"level":"info","options":"marshaling error: json: unsupported type: func(*chromedp.ExecAllocator)","time":"2025-07-19T15:41:43+08:00","message":"Chromedp allocator options"}
{"level":"info","type":"SQLi","url":"http://testphp.vulnweb.com/search.php?test=query","param":"searchFor","time":"2025-07-19T15:41:44+08:00","message":"\u001b[31mVulnerability Found!\u001b[0m"}
{"level":"info","options":"marshaling error: json: unsupported type: func(*chromedp.ExecAllocator)","time":"2025-07-19T15:41:44+08:00","message":"Chromedp allocator options"}
{"level":"info","options":"marshaling error: json: unsupported type: func(*chromedp.ExecAllocator)","time":"2025-07-19T15:41:45+08:00","message":"Chromedp allocator options"}
{"level":"info","options":"marshaling error: json: unsupported type: func(*chromedp.ExecAllocator)","time":"2025-07-19T15:41:45+08:00","message":"Chromedp allocator options"}
{"level":"info","url":"http://testphp.vulnweb.com/disclaimer.php","time":"2025-07-19T15:42:00+08:00","message":"Skipping duplicate page based on content similarity."}
{"level":"info","url":"http://testphp.vulnweb.com/categories.php","time":"2025-07-19T15:42:01+08:00","message":"Skipping duplicate page based on content similarity."}
{"level":"info","options":"marshaling error: json: unsupported type: func(*chromedp.ExecAllocator)","time":"2025-07-19T15:42:06+08:00","message":"Chromedp allocator options"}
{"level":"info","url":"http://testphp.vulnweb.com/images/logo.gif","time":"2025-07-19T15:42:06+08:00","message":"Skipping duplicate page based on content similarity."}
{"level":"info","url":"http://testphp.vulnweb.com/cart.php","time":"2025-07-19T15:42:09+08:00","message":"Skipping duplicate page based on content similarity."}
{"level":"warn","error":"chromedp failed to crawl http://testphp.vulnweb.com/Mod_Rewrite_Shop/: page load error net::ERR_CONNECTION_RESET","url":"http://testphp.vulnweb.com/Mod_Rewrite_Shop/","time":"2025-07-19T15:42:12+08:00","message":"Error crawling page, skipping."}
{"level":"warn","error":"chromedp failed to crawl http://testphp.vulnweb.com/artists.php: context deadline exceeded","url":"http://testphp.vulnweb.com/artists.php","time":"2025-07-19T15:42:13+08:00","message":"Error crawling page, skipping."}
{"level":"warn","error":"chromedp failed to crawl http://testphp.vulnweb.com/userinfo.php: context deadline exceeded","url":"http://testphp.vulnweb.com/userinfo.php","time":"2025-07-19T15:42:13+08:00","message":"Error crawling page, skipping."}
{"level":"warn","error":"chromedp failed to crawl http://testphp.vulnweb.com/AJAX/index.php: context deadline exceeded","url":"http://testphp.vulnweb.com/AJAX/index.php","time":"2025-07-19T15:42:13+08:00","message":"Error crawling page, skipping."}
{"level":"warn","error":"chromedp failed to crawl http://testphp.vulnweb.com/search.php?test=query: context deadline exceeded","url":"http://testphp.vulnweb.com/search.php?test=query","time":"2025-07-19T15:42:13+08:00","message":"Error crawling page, skipping."}
{"level":"warn","error":"chromedp failed to crawl http://testphp.vulnweb.com/guestbook.php: context deadline exceeded","url":"http://testphp.vulnweb.com/guestbook.php","time":"2025-07-19T15:42:14+08:00","message":"Error crawling page, skipping."}
{"level":"warn","error":"chromedp failed to crawl http://testphp.vulnweb.com/Templates/main_dynamic_template.dwt.php: context deadline exceeded","url":"http://testphp.vulnweb.com/Templates/main_dynamic_template.dwt.php","time":"2025-07-19T15:42:14+08:00","message":"Error crawling page, skipping."}
{"level":"warn","error":"chromedp failed to crawl http://testphp.vulnweb.com/Flash/add.swf: context deadline exceeded","url":"http://testphp.vulnweb.com/Flash/add.swf","time":"2025-07-19T15:42:14+08:00","message":"Error crawling page, skipping."}
{"level":"warn","error":"chromedp failed to crawl http://testphp.vulnweb.com/login.php: context deadline exceeded","url":"http://testphp.vulnweb.com/login.php","time":"2025-07-19T15:42:16+08:00","message":"Error crawling page, skipping."}
{"level":"warn","error":"chromedp failed to crawl http://testphp.vulnweb.com/index.php: context deadline exceeded","url":"http://testphp.vulnweb.com/index.php","time":"2025-07-19T15:42:16+08:00","message":"Error crawling page, skipping."}
{"level":"warn","error":"Get \"http://testphp.vulnweb.com/style.css?action=&admin=&callback=&cat=&category=&date=&debug=&dir=&email=&end=&file=&filter=&format=&id=&jsonp=&key=&keyword=&lang=&language=&limit=&locale=&mode=&month=&name=&next=&offset=&order=&page=&password=&path=&q=&query=&redirect=&redirectUrl=&return=&s=&search=&site=&sort=&start=&status=&tag=&target=&test=&time=&token=&type=&url=&user=&username=&view=&year=\": read tcp 26.26.26.1:10025->44.228.249.3:80: wsarecv: An existing connection was forcibly closed by the remote host.","time":"2025-07-19T15:42:18+08:00","message":"Failed to fetch original response for baseline comparison"}
{"level":"warn","error":"Get \"http://testphp.vulnweb.com/hpp/?action=&admin=&callback=&cat=&category=&date=&debug=&dir=&email=&end=&file=&filter=&format=&id=&jsonp=&key=&keyword=&lang=&language=&limit=&locale=&mode=&month=&name=&next=&offset=&order=&page=&password=&path=&q=&query=&redirect=&redirectUrl=&return=&s=&search=&site=&sort=&start=&status=&tag=&target=&test=&time=&token=&type=&url=&user=&username=&view=&year=\": read tcp 26.26.26.1:10114->44.228.249.3:80: wsarecv: An existing connection was forcibly closed by the remote host.","time":"2025-07-19T15:42:21+08:00","message":"Failed to fetch original response for baseline comparison"}
{"level":"info","options":"marshaling error: json: unsupported type: func(*chromedp.ExecAllocator)","time":"2025-07-19T15:42:27+08:00","message":"Chromedp allocator options"}
{"level":"info","type":"SQLi","url":"http://testphp.vulnweb.com/hpp/","param":"pp","time":"2025-07-19T15:42:40+08:00","message":"\u001b[31mVulnerability Found!\u001b[0m"}
{"level":"info","url":"http://testphp.vulnweb.com/hpp/params.php?p=valid&pp=12","time":"2025-07-19T15:42:41+08:00","message":"Skipping duplicate page based on content similarity."}
{"level":"info","file":"reports\\urls-Vulns.txt","time":"2025-07-19T15:43:51+08:00","message":"Vulnerability report saved successfully"}
{"level":"info","time":"2025-07-19T15:43:51+08:00","message":"Orchestrator finished."}
{"level":"info","time":"2025-07-19T15:43:51+08:00","message":"Orchestrator finished."}
{"level":"info","time":"2025-07-19T23:30:40+08:00","message":"Logger initialized"}
{"level":"info","time":"2025-07-19T23:30:40+08:00","message":"[Phase 1/3] Starting Initialization..."}
{"level":"info","file":"config/vuln_config.yaml","time":"2025-07-19T23:30:40+08:00","message":"[Phase 1/3] Configuration loaded."}
{"level":"info","time":"2025-07-19T23:30:40+08:00","message":"[Phase 1/3] Redis is disabled in the configuration."}
{"level":"info","time":"2025-07-19T23:30:40+08:00","message":"[Phase 1/3] Initialization complete."}
{"level":"info","time":"2025-07-19T23:30:40+08:00","message":"Starting Orchestrator..."}
{"level":"info","time":"2025-07-19T23:30:40+08:00","message":"SQLi plugin registered."}
{"level":"error","error":"failed to load XSS payloads: json: cannot unmarshal object into Go struct field .payloads of type string","time":"2025-07-19T23:30:40+08:00","message":"Failed to initialize XSS plugin"}
{"level":"info","time":"2025-07-19T23:30:40+08:00","message":"Orchestrator starting..."}
{"level":"info","time":"2025-07-19T23:30:40+08:00","message":"Extracting URLs from robots.txt..."}
{"level":"warn","error":"robots.txt returned status code 404","source":"robotstxt","time":"2025-07-19T23:30:41+08:00","message":"Failed to extract URLs"}
{"level":"info","time":"2025-07-19T23:30:41+08:00","message":"Extracting URLs from sitemap.xml..."}
{"level":"info","count":0,"time":"2025-07-19T23:30:44+08:00","message":"Extracted URLs from sitemap"}
{"level":"info","url":"http://testphp.vulnweb.com/","time":"2025-07-19T23:30:44+08:00","message":"Added initial URL to queue"}
{"level":"info","options":"marshaling error: json: unsupported type: func(*chromedp.ExecAllocator)","time":"2025-07-19T23:30:44+08:00","message":"Chromedp allocator options"}
{"level":"info","type":"SQLi","url":"http://testphp.vulnweb.com/search.php?test=query","param":"searchFor","time":"2025-07-19T23:30:53+08:00","message":"\u001b[31mVulnerability Found!\u001b[0m"}
{"level":"info","options":"marshaling error: json: unsupported type: func(*chromedp.ExecAllocator)","time":"2025-07-19T23:30:54+08:00","message":"Chromedp allocator options"}
{"level":"info","options":"marshaling error: json: unsupported type: func(*chromedp.ExecAllocator)","time":"2025-07-19T23:30:54+08:00","message":"Chromedp allocator options"}
{"level":"info","options":"marshaling error: json: unsupported type: func(*chromedp.ExecAllocator)","time":"2025-07-19T23:30:55+08:00","message":"Chromedp allocator options"}
{"level":"info","options":"marshaling error: json: unsupported type: func(*chromedp.ExecAllocator)","time":"2025-07-19T23:30:55+08:00","message":"Chromedp allocator options"}
{"level":"info","options":"marshaling error: json: unsupported type: func(*chromedp.ExecAllocator)","time":"2025-07-19T23:30:55+08:00","message":"Chromedp allocator options"}
{"level":"info","options":"marshaling error: json: unsupported type: func(*chromedp.ExecAllocator)","time":"2025-07-19T23:30:55+08:00","message":"Chromedp allocator options"}
{"level":"info","options":"marshaling error: json: unsupported type: func(*chromedp.ExecAllocator)","time":"2025-07-19T23:30:55+08:00","message":"Chromedp allocator options"}
{"level":"info","options":"marshaling error: json: unsupported type: func(*chromedp.ExecAllocator)","time":"2025-07-19T23:30:55+08:00","message":"Chromedp allocator options"}
{"level":"info","options":"marshaling error: json: unsupported type: func(*chromedp.ExecAllocator)","time":"2025-07-19T23:30:55+08:00","message":"Chromedp allocator options"}
{"level":"info","options":"marshaling error: json: unsupported type: func(*chromedp.ExecAllocator)","time":"2025-07-19T23:30:55+08:00","message":"Chromedp allocator options"}
{"level":"info","options":"marshaling error: json: unsupported type: func(*chromedp.ExecAllocator)","time":"2025-07-19T23:30:55+08:00","message":"Chromedp allocator options"}
{"level":"info","options":"marshaling error: json: unsupported type: func(*chromedp.ExecAllocator)","time":"2025-07-19T23:30:55+08:00","message":"Chromedp allocator options"}
{"level":"info","options":"marshaling error: json: unsupported type: func(*chromedp.ExecAllocator)","time":"2025-07-19T23:30:55+08:00","message":"Chromedp allocator options"}
{"level":"info","options":"marshaling error: json: unsupported type: func(*chromedp.ExecAllocator)","time":"2025-07-19T23:30:55+08:00","message":"Chromedp allocator options"}
{"level":"info","options":"marshaling error: json: unsupported type: func(*chromedp.ExecAllocator)","time":"2025-07-19T23:30:55+08:00","message":"Chromedp allocator options"}
{"level":"info","options":"marshaling error: json: unsupported type: func(*chromedp.ExecAllocator)","time":"2025-07-19T23:30:55+08:00","message":"Chromedp allocator options"}
{"level":"info","options":"marshaling error: json: unsupported type: func(*chromedp.ExecAllocator)","time":"2025-07-19T23:30:55+08:00","message":"Chromedp allocator options"}
{"level":"info","options":"marshaling error: json: unsupported type: func(*chromedp.ExecAllocator)","time":"2025-07-19T23:30:55+08:00","message":"Chromedp allocator options"}
{"level":"info","url":"http://testphp.vulnweb.com/Templates/main_dynamic_template.dwt.php","time":"2025-07-19T23:31:08+08:00","message":"Skipping duplicate page based on content similarity."}
{"level":"info","type":"SQLi","url":"http://testphp.vulnweb.com/search.php?test=query","param":"searchFor","time":"2025-07-19T23:31:09+08:00","message":"\u001b[31mVulnerability Found!\u001b[0m"}
{"level":"info","type":"SQLi","url":"http://testphp.vulnweb.com/userinfo.php","param":"uname","time":"2025-07-19T23:31:09+08:00","message":"\u001b[31mVulnerability Found!\u001b[0m"}
{"level":"info","options":"marshaling error: json: unsupported type: func(*chromedp.ExecAllocator)","time":"2025-07-19T23:31:09+08:00","message":"Chromedp allocator options"}
{"level":"info","options":"marshaling error: json: unsupported type: func(*chromedp.ExecAllocator)","time":"2025-07-19T23:31:09+08:00","message":"Chromedp allocator options"}
{"level":"info","options":"marshaling error: json: unsupported type: func(*chromedp.ExecAllocator)","time":"2025-07-19T23:31:09+08:00","message":"Chromedp allocator options"}
{"level":"info","options":"marshaling error: json: unsupported type: func(*chromedp.ExecAllocator)","time":"2025-07-19T23:31:09+08:00","message":"Chromedp allocator options"}
{"level":"info","options":"marshaling error: json: unsupported type: func(*chromedp.ExecAllocator)","time":"2025-07-19T23:31:09+08:00","message":"Chromedp allocator options"}
{"level":"info","options":"marshaling error: json: unsupported type: func(*chromedp.ExecAllocator)","time":"2025-07-19T23:31:09+08:00","message":"Chromedp allocator options"}
{"level":"info","type":"SQLi","url":"http://testphp.vulnweb.com/userinfo.php","param":"pass","time":"2025-07-19T23:31:09+08:00","message":"\u001b[31mVulnerability Found!\u001b[0m"}
{"level":"info","options":"marshaling error: json: unsupported type: func(*chromedp.ExecAllocator)","time":"2025-07-19T23:31:09+08:00","message":"Chromedp allocator options"}
{"level":"info","options":"marshaling error: json: unsupported type: func(*chromedp.ExecAllocator)","time":"2025-07-19T23:31:09+08:00","message":"Chromedp allocator options"}
{"level":"info","options":"marshaling error: json: unsupported type: func(*chromedp.ExecAllocator)","time":"2025-07-19T23:31:09+08:00","message":"Chromedp allocator options"}
{"level":"info","options":"marshaling error: json: unsupported type: func(*chromedp.ExecAllocator)","time":"2025-07-19T23:31:09+08:00","message":"Chromedp allocator options"}
{"level":"info","options":"marshaling error: json: unsupported type: func(*chromedp.ExecAllocator)","time":"2025-07-19T23:31:09+08:00","message":"Chromedp allocator options"}
{"level":"info","url":"http://testphp.vulnweb.com/guestbook.php","time":"2025-07-19T23:31:09+08:00","message":"Skipping duplicate page based on content similarity."}
{"level":"info","url":"http://testphp.vulnweb.com/cart.php","time":"2025-07-19T23:31:10+08:00","message":"Skipping duplicate page based on content similarity."}
{"level":"warn","error":"chromedp failed to crawl http://testphp.vulnweb.com/Flash/add.swf: page load error net::ERR_ABORTED","url":"http://testphp.vulnweb.com/Flash/add.swf","time":"2025-07-19T23:31:11+08:00","message":"Error crawling page, skipping."}
{"level":"info","options":"marshaling error: json: unsupported type: func(*chromedp.ExecAllocator)","time":"2025-07-19T23:31:11+08:00","message":"Chromedp allocator options"}
{"level":"info","url":"http://testphp.vulnweb.com/disclaimer.php","time":"2025-07-19T23:31:11+08:00","message":"Skipping duplicate page based on content similarity."}
{"level":"info","url":"http://testphp.vulnweb.com/search.php?test=query","time":"2025-07-19T23:31:14+08:00","message":"Skipping duplicate page based on content similarity."}
{"level":"info","url":"http://testphp.vulnweb.com/artists.php","time":"2025-07-19T23:31:14+08:00","message":"Skipping duplicate page based on content similarity."}
{"level":"info","url":"http://testphp.vulnweb.com/login.php","time":"2025-07-19T23:31:14+08:00","message":"Skipping duplicate page based on content similarity."}
{"level":"info","url":"http://testphp.vulnweb.com/index.php","time":"2025-07-19T23:31:14+08:00","message":"Skipping duplicate page based on content similarity."}
{"level":"info","url":"http://testphp.vulnweb.com/categories.php","time":"2025-07-19T23:31:15+08:00","message":"Skipping duplicate page based on content similarity."}
{"level":"info","url":"http://testphp.vulnweb.com/images/logo.gif","time":"2025-07-19T23:31:15+08:00","message":"Skipping duplicate page based on content similarity."}
{"level":"info","url":"http://testphp.vulnweb.com/AJAX/styles.css","time":"2025-07-19T23:31:20+08:00","message":"Skipping duplicate page based on content similarity."}
{"level":"info","url":"http://testphp.vulnweb.com/Mod_Rewrite_Shop/Details/web-camera-a4tech/2/","time":"2025-07-19T23:31:20+08:00","message":"Skipping duplicate page based on content similarity."}
{"level":"info","url":"http://testphp.vulnweb.com/Mod_Rewrite_Shop/images/3.jpg","time":"2025-07-19T23:31:20+08:00","message":"Skipping duplicate page based on content similarity."}
{"level":"info","url":"http://testphp.vulnweb.com/Mod_Rewrite_Shop/images/1.jpg","time":"2025-07-19T23:31:20+08:00","message":"Skipping duplicate page based on content similarity."}
{"level":"info","url":"http://testphp.vulnweb.com/Mod_Rewrite_Shop/Details/network-attached-storage-dlink/1/","time":"2025-07-19T23:31:20+08:00","message":"Skipping duplicate page based on content similarity."}
{"level":"info","options":"marshaling error: json: unsupported type: func(*chromedp.ExecAllocator)","time":"2025-07-19T23:31:20+08:00","message":"Chromedp allocator options"}
{"level":"info","options":"marshaling error: json: unsupported type: func(*chromedp.ExecAllocator)","time":"2025-07-19T23:31:20+08:00","message":"Chromedp allocator options"}
{"level":"info","type":"SQLi","url":"http://testphp.vulnweb.com/Mod_Rewrite_Shop/Details/color-printer/3/","param":"id","time":"2025-07-19T23:31:20+08:00","message":"\u001b[31mVulnerability Found!\u001b[0m"}
{"level":"info","options":"marshaling error: json: unsupported type: func(*chromedp.ExecAllocator)","time":"2025-07-19T23:31:20+08:00","message":"Chromedp allocator options"}
{"level":"info","type":"SQLi","url":"http://testphp.vulnweb.com/search.php?test=query","param":"searchFor","time":"2025-07-19T23:31:20+08:00","message":"\u001b[31mVulnerability Found!\u001b[0m"}
{"level":"info","type":"SQLi","url":"http://testphp.vulnweb.com/Mod_Rewrite_Shop/Details/color-printer/3/","param":"page","time":"2025-07-19T23:31:21+08:00","message":"\u001b[31mVulnerability Found!\u001b[0m"}
{"level":"info","type":"SQLi","url":"http://testphp.vulnweb.com/Mod_Rewrite_Shop/Details/color-printer/3/","param":"search","time":"2025-07-19T23:31:21+08:00","message":"\u001b[31mVulnerability Found!\u001b[0m"}
{"level":"info","type":"SQLi","url":"http://testphp.vulnweb.com/Mod_Rewrite_Shop/Details/color-printer/3/","param":"query","time":"2025-07-19T23:31:22+08:00","message":"\u001b[31mVulnerability Found!\u001b[0m"}
{"level":"info","url":"http://testphp.vulnweb.com/AJAX/showxml.php","time":"2025-07-19T23:31:22+08:00","message":"Skipping duplicate page based on content similarity."}
{"level":"info","type":"SQLi","url":"http://testphp.vulnweb.com/Mod_Rewrite_Shop/Details/color-printer/3/","param":"keyword","time":"2025-07-19T23:31:22+08:00","message":"\u001b[31mVulnerability Found!\u001b[0m"}
{"level":"info","url":"http://testphp.vulnweb.com/Mod_Rewrite_Shop/images/2.jpg","time":"2025-07-19T23:31:22+08:00","message":"Skipping duplicate page based on content similarity."}
{"level":"info","type":"SQLi","url":"http://testphp.vulnweb.com/%3E","param":"id","time":"2025-07-19T23:31:22+08:00","message":"\u001b[31mVulnerability Found!\u001b[0m"}
{"level":"info","options":"marshaling error: json: unsupported type: func(*chromedp.ExecAllocator)","time":"2025-07-19T23:31:23+08:00","message":"Chromedp allocator options"}
{"level":"info","type":"SQLi","url":"http://testphp.vulnweb.com/showimage.php","param":"file","time":"2025-07-19T23:31:23+08:00","message":"\u001b[31mVulnerability Found!\u001b[0m"}
{"level":"info","type":"SQLi","url":"http://testphp.vulnweb.com/%3E","param":"page","time":"2025-07-19T23:31:23+08:00","message":"\u001b[31mVulnerability Found!\u001b[0m"}
{"level":"info","type":"SQLi","url":"http://testphp.vulnweb.com/Mod_Rewrite_Shop/Details/color-printer/3/","param":"q","time":"2025-07-19T23:31:23+08:00","message":"\u001b[31mVulnerability Found!\u001b[0m"}
{"level":"info","type":"SQLi","url":"http://testphp.vulnweb.com/hpp/","param":"pp","time":"2025-07-19T23:31:23+08:00","message":"\u001b[31mVulnerability Found!\u001b[0m"}
{"level":"info","type":"SQLi","url":"http://testphp.vulnweb.com/Mod_Rewrite_Shop/Details/color-printer/3/","param":"s","time":"2025-07-19T23:31:23+08:00","message":"\u001b[31mVulnerability Found!\u001b[0m"}
{"level":"info","type":"SQLi","url":"http://testphp.vulnweb.com/Mod_Rewrite_Shop/Details/color-printer/3/","param":"key","time":"2025-07-19T23:31:24+08:00","message":"\u001b[31mVulnerability Found!\u001b[0m"}
{"level":"info","type":"SQLi","url":"http://testphp.vulnweb.com/%3E","param":"search","time":"2025-07-19T23:31:24+08:00","message":"\u001b[31mVulnerability Found!\u001b[0m"}
{"level":"info","type":"SQLi","url":"http://testphp.vulnweb.com/Mod_Rewrite_Shop/Details/color-printer/3/","param":"token","time":"2025-07-19T23:31:24+08:00","message":"\u001b[31mVulnerability Found!\u001b[0m"}
{"level":"info","type":"SQLi","url":"http://testphp.vulnweb.com/%3E","param":"query","time":"2025-07-19T23:31:24+08:00","message":"\u001b[31mVulnerability Found!\u001b[0m"}
{"level":"info","type":"SQLi","url":"http://testphp.vulnweb.com/Mod_Rewrite_Shop/Details/color-printer/3/","param":"file","time":"2025-07-19T23:31:25+08:00","message":"\u001b[31mVulnerability Found!\u001b[0m"}
{"level":"info","type":"SQLi","url":"http://testphp.vulnweb.com/%3E","param":"keyword","time":"2025-07-19T23:31:25+08:00","message":"\u001b[31mVulnerability Found!\u001b[0m"}
{"level":"info","type":"SQLi","url":"http://testphp.vulnweb.com/Mod_Rewrite_Shop/Details/color-printer/3/","param":"path","time":"2025-07-19T23:31:25+08:00","message":"\u001b[31mVulnerability Found!\u001b[0m"}
{"level":"info","type":"SQLi","url":"http://testphp.vulnweb.com/%3E","param":"q","time":"2025-07-19T23:31:25+08:00","message":"\u001b[31mVulnerability Found!\u001b[0m"}
{"level":"info","type":"SQLi","url":"http://testphp.vulnweb.com/Mod_Rewrite_Shop/Details/color-printer/3/","param":"dir","time":"2025-07-19T23:31:25+08:00","message":"\u001b[31mVulnerability Found!\u001b[0m"}
{"level":"info","type":"SQLi","url":"http://testphp.vulnweb.com/%3E","param":"s","time":"2025-07-19T23:31:26+08:00","message":"\u001b[31mVulnerability Found!\u001b[0m"}
{"level":"info","type":"SQLi","url":"http://testphp.vulnweb.com/Mod_Rewrite_Shop/Details/color-printer/3/","param":"action","time":"2025-07-19T23:31:26+08:00","message":"\u001b[31mVulnerability Found!\u001b[0m"}
{"level":"info","type":"SQLi","url":"http://testphp.vulnweb.com/%3E","param":"key","time":"2025-07-19T23:31:26+08:00","message":"\u001b[31mVulnerability Found!\u001b[0m"}
{"level":"info","type":"SQLi","url":"http://testphp.vulnweb.com/Mod_Rewrite_Shop/Details/color-printer/3/","param":"type","time":"2025-07-19T23:31:26+08:00","message":"\u001b[31mVulnerability Found!\u001b[0m"}
{"level":"info","type":"SQLi","url":"http://testphp.vulnweb.com/Mod_Rewrite_Shop/Details/color-printer/3/","param":"category","time":"2025-07-19T23:31:27+08:00","message":"\u001b[31mVulnerability Found!\u001b[0m"}
{"level":"info","type":"SQLi","url":"http://testphp.vulnweb.com/%3E","param":"token","time":"2025-07-19T23:31:27+08:00","message":"\u001b[31mVulnerability Found!\u001b[0m"}
{"level":"info","type":"SQLi","url":"http://testphp.vulnweb.com/Mod_Rewrite_Shop/Details/color-printer/3/","param":"cat","time":"2025-07-19T23:31:27+08:00","message":"\u001b[31mVulnerability Found!\u001b[0m"}
{"level":"info","type":"SQLi","url":"http://testphp.vulnweb.com/Mod_Rewrite_Shop/Details/color-printer/3/","param":"view","time":"2025-07-19T23:31:27+08:00","message":"\u001b[31mVulnerability Found!\u001b[0m"}
{"level":"info","type":"SQLi","url":"http://testphp.vulnweb.com/%3E","param":"file","time":"2025-07-19T23:31:28+08:00","message":"\u001b[31mVulnerability Found!\u001b[0m"}
{"level":"info","type":"SQLi","url":"http://testphp.vulnweb.com/Mod_Rewrite_Shop/Details/color-printer/3/","param":"callback","time":"2025-07-19T23:31:28+08:00","message":"\u001b[31mVulnerability Found!\u001b[0m"}
{"level":"info","type":"SQLi","url":"http://testphp.vulnweb.com/Mod_Rewrite_Shop/Details/color-printer/3/","param":"jsonp","time":"2025-07-19T23:31:28+08:00","message":"\u001b[31mVulnerability Found!\u001b[0m"}
{"level":"info","type":"SQLi","url":"http://testphp.vulnweb.com/%3E","param":"path","time":"2025-07-19T23:31:29+08:00","message":"\u001b[31mVulnerability Found!\u001b[0m"}
{"level":"info","url":"http://testphp.vulnweb.com/Mod_Rewrite_Shop/BuyProduct-3/","time":"2025-07-19T23:31:29+08:00","message":"Skipping duplicate page based on content similarity."}
{"level":"info","type":"SQLi","url":"http://testphp.vulnweb.com/Mod_Rewrite_Shop/RateProduct-3.html","param":"id","time":"2025-07-19T23:31:29+08:00","message":"\u001b[31mVulnerability Found!\u001b[0m"}
{"level":"info","type":"SQLi","url":"http://testphp.vulnweb.com/Mod_Rewrite_Shop/Details/color-printer/3/","param":"format","time":"2025-07-19T23:31:29+08:00","message":"\u001b[31mVulnerability Found!\u001b[0m"}
{"level":"info","type":"SQLi","url":"http://testphp.vulnweb.com/Mod_Rewrite_Shop/RateProduct-3.html","param":"page","time":"2025-07-19T23:31:29+08:00","message":"\u001b[31mVulnerability Found!\u001b[0m"}
{"level":"info","type":"SQLi","url":"http://testphp.vulnweb.com/%3E","param":"dir","time":"2025-07-19T23:31:29+08:00","message":"\u001b[31mVulnerability Found!\u001b[0m"}
{"level":"info","type":"SQLi","url":"http://testphp.vulnweb.com/Mod_Rewrite_Shop/Details/color-printer/3/","param":"redirect","time":"2025-07-19T23:31:29+08:00","message":"\u001b[31mVulnerability Found!\u001b[0m"}
{"level":"info","type":"SQLi","url":"http://testphp.vulnweb.com/%3E","param":"action","time":"2025-07-19T23:31:30+08:00","message":"\u001b[31mVulnerability Found!\u001b[0m"}
{"level":"info","type":"SQLi","url":"http://testphp.vulnweb.com/Mod_Rewrite_Shop/RateProduct-3.html","param":"search","time":"2025-07-19T23:31:30+08:00","message":"\u001b[31mVulnerability Found!\u001b[0m"}
{"level":"info","type":"SQLi","url":"http://testphp.vulnweb.com/Mod_Rewrite_Shop/Details/color-printer/3/","param":"redirectUrl","time":"2025-07-19T23:31:30+08:00","message":"\u001b[31mVulnerability Found!\u001b[0m"}
{"level":"info","options":"marshaling error: json: unsupported type: func(*chromedp.ExecAllocator)","time":"2025-07-19T23:31:30+08:00","message":"Chromedp allocator options"}
{"level":"info","type":"SQLi","url":"http://testphp.vulnweb.com/Mod_Rewrite_Shop/RateProduct-3.html","param":"query","time":"2025-07-19T23:31:30+08:00","message":"\u001b[31mVulnerability Found!\u001b[0m"}
{"level":"info","type":"SQLi","url":"http://testphp.vulnweb.com/Mod_Rewrite_Shop/Details/color-printer/3/","param":"return","time":"2025-07-19T23:31:30+08:00","message":"\u001b[31mVulnerability Found!\u001b[0m"}
{"level":"info","type":"SQLi","url":"http://testphp.vulnweb.com/%3E","param":"type","time":"2025-07-19T23:31:30+08:00","message":"\u001b[31mVulnerability Found!\u001b[0m"}
{"level":"info","type":"SQLi","url":"http://testphp.vulnweb.com/Mod_Rewrite_Shop/RateProduct-3.html","param":"keyword","time":"2025-07-19T23:31:30+08:00","message":"\u001b[31mVulnerability Found!\u001b[0m"}
{"level":"info","type":"SQLi","url":"http://testphp.vulnweb.com/Mod_Rewrite_Shop/Details/color-printer/3/","param":"next","time":"2025-07-19T23:31:30+08:00","message":"\u001b[31mVulnerability Found!\u001b[0m"}
{"level":"info","url":"http://testphp.vulnweb.com/hpp/params.php?p=valid&pp=12","time":"2025-07-19T23:31:30+08:00","message":"Skipping duplicate page based on content similarity."}
{"level":"info","type":"SQLi","url":"http://testphp.vulnweb.com/Mod_Rewrite_Shop/RateProduct-3.html","param":"q","time":"2025-07-19T23:31:31+08:00","message":"\u001b[31mVulnerability Found!\u001b[0m"}
{"level":"info","type":"SQLi","url":"http://testphp.vulnweb.com/Mod_Rewrite_Shop/Details/color-printer/3/","param":"target","time":"2025-07-19T23:31:31+08:00","message":"\u001b[31mVulnerability Found!\u001b[0m"}
{"level":"info","type":"SQLi","url":"http://testphp.vulnweb.com/Mod_Rewrite_Shop/RateProduct-3.html","param":"s","time":"2025-07-19T23:31:31+08:00","message":"\u001b[31mVulnerability Found!\u001b[0m"}
{"level":"info","type":"SQLi","url":"http://testphp.vulnweb.com/Mod_Rewrite_Shop/Details/color-printer/3/","param":"url","time":"2025-07-19T23:31:31+08:00","message":"\u001b[31mVulnerability Found!\u001b[0m"}
{"level":"info","type":"SQLi","url":"http://testphp.vulnweb.com/Mod_Rewrite_Shop/RateProduct-3.html","param":"key","time":"2025-07-19T23:31:32+08:00","message":"\u001b[31mVulnerability Found!\u001b[0m"}
{"level":"info","type":"SQLi","url":"http://testphp.vulnweb.com/Mod_Rewrite_Shop/Details/color-printer/3/","param":"site","time":"2025-07-19T23:31:32+08:00","message":"\u001b[31mVulnerability Found!\u001b[0m"}
{"level":"info","type":"SQLi","url":"http://testphp.vulnweb.com/Mod_Rewrite_Shop/RateProduct-3.html","param":"token","time":"2025-07-19T23:31:32+08:00","message":"\u001b[31mVulnerability Found!\u001b[0m"}
{"level":"info","type":"SQLi","url":"http://testphp.vulnweb.com/Mod_Rewrite_Shop/Details/color-printer/3/","param":"lang","time":"2025-07-19T23:31:32+08:00","message":"\u001b[31mVulnerability Found!\u001b[0m"}
{"level":"info","type":"SQLi","url":"http://testphp.vulnweb.com/Mod_Rewrite_Shop/RateProduct-3.html","param":"file","time":"2025-07-19T23:31:32+08:00","message":"\u001b[31mVulnerability Found!\u001b[0m"}
{"level":"info","type":"SQLi","url":"http://testphp.vulnweb.com/%3E","param":"cat","time":"2025-07-19T23:31:32+08:00","message":"\u001b[31mVulnerability Found!\u001b[0m"}
{"level":"info","type":"SQLi","url":"http://testphp.vulnweb.com/Mod_Rewrite_Shop/Details/color-printer/3/","param":"language","time":"2025-07-19T23:31:33+08:00","message":"\u001b[31mVulnerability Found!\u001b[0m"}
{"level":"info","type":"SQLi","url":"http://testphp.vulnweb.com/Mod_Rewrite_Shop/RateProduct-3.html","param":"path","time":"2025-07-19T23:31:33+08:00","message":"\u001b[31mVulnerability Found!\u001b[0m"}
{"level":"info","type":"SQLi","url":"http://testphp.vulnweb.com/%3E","param":"view","time":"2025-07-19T23:31:33+08:00","message":"\u001b[31mVulnerability Found!\u001b[0m"}
{"level":"info","type":"SQLi","url":"http://testphp.vulnweb.com/Mod_Rewrite_Shop/Details/color-printer/3/","param":"locale","time":"2025-07-19T23:31:33+08:00","message":"\u001b[31mVulnerability Found!\u001b[0m"}
{"level":"info","type":"SQLi","url":"http://testphp.vulnweb.com/Mod_Rewrite_Shop/RateProduct-3.html","param":"dir","time":"2025-07-19T23:31:33+08:00","message":"\u001b[31mVulnerability Found!\u001b[0m"}
{"level":"info","type":"SQLi","url":"http://testphp.vulnweb.com/Mod_Rewrite_Shop/Details/color-printer/3/","param":"debug","time":"2025-07-19T23:31:33+08:00","message":"\u001b[31mVulnerability Found!\u001b[0m"}
{"level":"info","type":"SQLi","url":"http://testphp.vulnweb.com/%3E","param":"callback","time":"2025-07-19T23:31:34+08:00","message":"\u001b[31mVulnerability Found!\u001b[0m"}
{"level":"info","type":"SQLi","url":"http://testphp.vulnweb.com/Mod_Rewrite_Shop/RateProduct-3.html","param":"action","time":"2025-07-19T23:31:34+08:00","message":"\u001b[31mVulnerability Found!\u001b[0m"}
{"level":"info","type":"SQLi","url":"http://testphp.vulnweb.com/Mod_Rewrite_Shop/Details/color-printer/3/","param":"test","time":"2025-07-19T23:31:34+08:00","message":"\u001b[31mVulnerability Found!\u001b[0m"}
{"level":"info","type":"SQLi","url":"http://testphp.vulnweb.com/%3E","param":"jsonp","time":"2025-07-19T23:31:34+08:00","message":"\u001b[31mVulnerability Found!\u001b[0m"}
{"level":"info","type":"SQLi","url":"http://testphp.vulnweb.com/Mod_Rewrite_Shop/RateProduct-3.html","param":"type","time":"2025-07-19T23:31:34+08:00","message":"\u001b[31mVulnerability Found!\u001b[0m"}
{"level":"info","type":"SQLi","url":"http://testphp.vulnweb.com/Mod_Rewrite_Shop/Details/color-printer/3/","param":"mode","time":"2025-07-19T23:31:34+08:00","message":"\u001b[31mVulnerability Found!\u001b[0m"}
{"level":"info","type":"SQLi","url":"http://testphp.vulnweb.com/%3E","param":"format","time":"2025-07-19T23:31:34+08:00","message":"\u001b[31mVulnerability Found!\u001b[0m"}
{"level":"info","type":"SQLi","url":"http://testphp.vulnweb.com/Mod_Rewrite_Shop/RateProduct-3.html","param":"category","time":"2025-07-19T23:31:35+08:00","message":"\u001b[31mVulnerability Found!\u001b[0m"}
{"level":"info","type":"SQLi","url":"http://testphp.vulnweb.com/Mod_Rewrite_Shop/Details/color-printer/3/","param":"admin","time":"2025-07-19T23:31:35+08:00","message":"\u001b[31mVulnerability Found!\u001b[0m"}
{"level":"info","type":"SQLi","url":"http://testphp.vulnweb.com/Mod_Rewrite_Shop/RateProduct-3.html","param":"cat","time":"2025-07-19T23:31:35+08:00","message":"\u001b[31mVulnerability Found!\u001b[0m"}
{"level":"info","type":"SQLi","url":"http://testphp.vulnweb.com/Mod_Rewrite_Shop/Details/color-printer/3/","param":"user","time":"2025-07-19T23:31:35+08:00","message":"\u001b[31mVulnerability Found!\u001b[0m"}
{"level":"info","type":"SQLi","url":"http://testphp.vulnweb.com/Mod_Rewrite_Shop/RateProduct-3.html","param":"view","time":"2025-07-19T23:31:35+08:00","message":"\u001b[31mVulnerability Found!\u001b[0m"}
{"level":"info","type":"SQLi","url":"http://testphp.vulnweb.com/Mod_Rewrite_Shop/Details/color-printer/3/","param":"username","time":"2025-07-19T23:31:36+08:00","message":"\u001b[31mVulnerability Found!\u001b[0m"}
{"level":"info","type":"SQLi","url":"http://testphp.vulnweb.com/Mod_Rewrite_Shop/RateProduct-3.html","param":"callback","time":"2025-07-19T23:31:36+08:00","message":"\u001b[31mVulnerability Found!\u001b[0m"}
{"level":"info","type":"SQLi","url":"http://testphp.vulnweb.com/Mod_Rewrite_Shop/Details/color-printer/3/","param":"password","time":"2025-07-19T23:31:36+08:00","message":"\u001b[31mVulnerability Found!\u001b[0m"}
{"level":"info","type":"SQLi","url":"http://testphp.vulnweb.com/%3E","param":"redirectUrl","time":"2025-07-19T23:31:36+08:00","message":"\u001b[31mVulnerability Found!\u001b[0m"}
{"level":"info","type":"SQLi","url":"http://testphp.vulnweb.com/Mod_Rewrite_Shop/RateProduct-3.html","param":"jsonp","time":"2025-07-19T23:31:36+08:00","message":"\u001b[31mVulnerability Found!\u001b[0m"}
{"level":"info","type":"SQLi","url":"http://testphp.vulnweb.com/Mod_Rewrite_Shop/Details/color-printer/3/","param":"email","time":"2025-07-19T23:31:36+08:00","message":"\u001b[31mVulnerability Found!\u001b[0m"}
{"level":"info","type":"SQLi","url":"http://testphp.vulnweb.com/Mod_Rewrite_Shop/RateProduct-3.html","param":"format","time":"2025-07-19T23:31:37+08:00","message":"\u001b[31mVulnerability Found!\u001b[0m"}
{"level":"info","type":"SQLi","url":"http://testphp.vulnweb.com/%3E","param":"return","time":"2025-07-19T23:31:37+08:00","message":"\u001b[31mVulnerability Found!\u001b[0m"}
{"level":"info","type":"SQLi","url":"http://testphp.vulnweb.com/Mod_Rewrite_Shop/Details/color-printer/3/","param":"name","time":"2025-07-19T23:31:37+08:00","message":"\u001b[31mVulnerability Found!\u001b[0m"}
{"level":"info","type":"SQLi","url":"http://testphp.vulnweb.com/Mod_Rewrite_Shop/RateProduct-3.html","param":"redirect","time":"2025-07-19T23:31:37+08:00","message":"\u001b[31mVulnerability Found!\u001b[0m"}
{"level":"info","type":"SQLi","url":"http://testphp.vulnweb.com/Mod_Rewrite_Shop/Details/color-printer/3/","param":"sort","time":"2025-07-19T23:31:37+08:00","message":"\u001b[31mVulnerability Found!\u001b[0m"}
{"level":"info","type":"SQLi","url":"http://testphp.vulnweb.com/Mod_Rewrite_Shop/RateProduct-3.html","param":"redirectUrl","time":"2025-07-19T23:31:37+08:00","message":"\u001b[31mVulnerability Found!\u001b[0m"}
{"level":"info","type":"SQLi","url":"http://testphp.vulnweb.com/Mod_Rewrite_Shop/Details/color-printer/3/","param":"order","time":"2025-07-19T23:31:38+08:00","message":"\u001b[31mVulnerability Found!\u001b[0m"}
{"level":"info","type":"SQLi","url":"http://testphp.vulnweb.com/Mod_Rewrite_Shop/RateProduct-3.html","param":"return","time":"2025-07-19T23:31:38+08:00","message":"\u001b[31mVulnerability Found!\u001b[0m"}
{"level":"info","url":"http://testphp.vulnweb.com/secured/style.css","time":"2025-07-19T23:31:38+08:00","message":"Skipping duplicate page based on content similarity."}
{"level":"info","type":"SQLi","url":"http://testphp.vulnweb.com/Mod_Rewrite_Shop/Details/color-printer/3/","param":"limit","time":"2025-07-19T23:31:38+08:00","message":"\u001b[31mVulnerability Found!\u001b[0m"}
{"level":"info","type":"SQLi","url":"http://testphp.vulnweb.com/Mod_Rewrite_Shop/RateProduct-3.html","param":"next","time":"2025-07-19T23:31:38+08:00","message":"\u001b[31mVulnerability Found!\u001b[0m"}
{"level":"info","type":"SQLi","url":"http://testphp.vulnweb.com/%3E","param":"next","time":"2025-07-19T23:31:39+08:00","message":"\u001b[31mVulnerability Found!\u001b[0m"}
{"level":"info","type":"SQLi","url":"http://testphp.vulnweb.com/Mod_Rewrite_Shop/Details/color-printer/3/","param":"offset","time":"2025-07-19T23:31:39+08:00","message":"\u001b[31mVulnerability Found!\u001b[0m"}
{"level":"info","type":"SQLi","url":"http://testphp.vulnweb.com/Mod_Rewrite_Shop/RateProduct-3.html","param":"target","time":"2025-07-19T23:31:39+08:00","message":"\u001b[31mVulnerability Found!\u001b[0m"}
{"level":"info","type":"SQLi","url":"http://testphp.vulnweb.com/Mod_Rewrite_Shop/Details/color-printer/3/","param":"start","time":"2025-07-19T23:31:39+08:00","message":"\u001b[31mVulnerability Found!\u001b[0m"}
{"level":"info","type":"SQLi","url":"http://testphp.vulnweb.com/%3E","param":"target","time":"2025-07-19T23:31:39+08:00","message":"\u001b[31mVulnerability Found!\u001b[0m"}
{"level":"info","type":"SQLi","url":"http://testphp.vulnweb.com/Mod_Rewrite_Shop/RateProduct-3.html","param":"url","time":"2025-07-19T23:31:39+08:00","message":"\u001b[31mVulnerability Found!\u001b[0m"}
{"level":"info","type":"SQLi","url":"http://testphp.vulnweb.com/Mod_Rewrite_Shop/Details/color-printer/3/","param":"end","time":"2025-07-19T23:31:40+08:00","message":"\u001b[31mVulnerability Found!\u001b[0m"}
{"level":"info","type":"SQLi","url":"http://testphp.vulnweb.com/%3E","param":"url","time":"2025-07-19T23:31:40+08:00","message":"\u001b[31mVulnerability Found!\u001b[0m"}
{"level":"info","type":"SQLi","url":"http://testphp.vulnweb.com/Mod_Rewrite_Shop/RateProduct-3.html","param":"site","time":"2025-07-19T23:31:40+08:00","message":"\u001b[31mVulnerability Found!\u001b[0m"}
{"level":"info","type":"SQLi","url":"http://testphp.vulnweb.com/Mod_Rewrite_Shop/Details/color-printer/3/","param":"date","time":"2025-07-19T23:31:40+08:00","message":"\u001b[31mVulnerability Found!\u001b[0m"}
{"level":"info","type":"SQLi","url":"http://testphp.vulnweb.com/%3E","param":"site","time":"2025-07-19T23:31:40+08:00","message":"\u001b[31mVulnerability Found!\u001b[0m"}
{"level":"info","type":"SQLi","url":"http://testphp.vulnweb.com/Mod_Rewrite_Shop/RateProduct-3.html","param":"lang","time":"2025-07-19T23:31:40+08:00","message":"\u001b[31mVulnerability Found!\u001b[0m"}
{"level":"info","type":"SQLi","url":"http://testphp.vulnweb.com/Mod_Rewrite_Shop/Details/color-printer/3/","param":"month","time":"2025-07-19T23:31:40+08:00","message":"\u001b[31mVulnerability Found!\u001b[0m"}
{"level":"info","type":"SQLi","url":"http://testphp.vulnweb.com/Mod_Rewrite_Shop/RateProduct-3.html","param":"language","time":"2025-07-19T23:31:41+08:00","message":"\u001b[31mVulnerability Found!\u001b[0m"}
{"level":"info","type":"SQLi","url":"http://testphp.vulnweb.com/%3E","param":"lang","time":"2025-07-19T23:31:41+08:00","message":"\u001b[31mVulnerability Found!\u001b[0m"}
{"level":"info","type":"SQLi","url":"http://testphp.vulnweb.com/Mod_Rewrite_Shop/Details/color-printer/3/","param":"year","time":"2025-07-19T23:31:41+08:00","message":"\u001b[31mVulnerability Found!\u001b[0m"}
{"level":"info","type":"SQLi","url":"http://testphp.vulnweb.com/Mod_Rewrite_Shop/RateProduct-3.html","param":"locale","time":"2025-07-19T23:31:41+08:00","message":"\u001b[31mVulnerability Found!\u001b[0m"}
{"level":"info","type":"SQLi","url":"http://testphp.vulnweb.com/Mod_Rewrite_Shop/Details/color-printer/3/","param":"time","time":"2025-07-19T23:31:42+08:00","message":"\u001b[31mVulnerability Found!\u001b[0m"}
{"level":"info","type":"SQLi","url":"http://testphp.vulnweb.com/%3E","param":"language","time":"2025-07-19T23:31:42+08:00","message":"\u001b[31mVulnerability Found!\u001b[0m"}
{"level":"info","type":"SQLi","url":"http://testphp.vulnweb.com/Mod_Rewrite_Shop/RateProduct-3.html","param":"debug","time":"2025-07-19T23:31:42+08:00","message":"\u001b[31mVulnerability Found!\u001b[0m"}
{"level":"info","type":"SQLi","url":"http://testphp.vulnweb.com/Mod_Rewrite_Shop/Details/color-printer/3/","param":"filter","time":"2025-07-19T23:31:42+08:00","message":"\u001b[31mVulnerability Found!\u001b[0m"}
{"level":"info","type":"SQLi","url":"http://testphp.vulnweb.com/Mod_Rewrite_Shop/Details/color-printer/3/","param":"tag","time":"2025-07-19T23:31:43+08:00","message":"\u001b[31mVulnerability Found!\u001b[0m"}
{"level":"info","type":"SQLi","url":"http://testphp.vulnweb.com/%3E","param":"locale","time":"2025-07-19T23:31:43+08:00","message":"\u001b[31mVulnerability Found!\u001b[0m"}
{"level":"info","type":"SQLi","url":"http://testphp.vulnweb.com/Mod_Rewrite_Shop/RateProduct-3.html","param":"test","time":"2025-07-19T23:31:43+08:00","message":"\u001b[31mVulnerability Found!\u001b[0m"}
{"level":"info","type":"SQLi","url":"http://testphp.vulnweb.com/Mod_Rewrite_Shop/Details/color-printer/3/","param":"status","time":"2025-07-19T23:31:43+08:00","message":"\u001b[31mVulnerability Found!\u001b[0m"}
{"level":"info","type":"SQLi","url":"http://testphp.vulnweb.com/Mod_Rewrite_Shop/RateProduct-3.html","param":"mode","time":"2025-07-19T23:31:43+08:00","message":"\u001b[31mVulnerability Found!\u001b[0m"}
{"level":"info","type":"SQLi","url":"http://testphp.vulnweb.com/%3E","param":"debug","time":"2025-07-19T23:31:43+08:00","message":"\u001b[31mVulnerability Found!\u001b[0m"}
{"level":"info","type":"SQLi","url":"http://testphp.vulnweb.com/Mod_Rewrite_Shop/RateProduct-3.html","param":"admin","time":"2025-07-19T23:31:44+08:00","message":"\u001b[31mVulnerability Found!\u001b[0m"}
{"level":"info","type":"SQLi","url":"http://testphp.vulnweb.com/Mod_Rewrite_Shop/RateProduct-3.html","param":"user","time":"2025-07-19T23:31:44+08:00","message":"\u001b[31mVulnerability Found!\u001b[0m"}
{"level":"info","type":"SQLi","url":"http://testphp.vulnweb.com/Mod_Rewrite_Shop/RateProduct-3.html","param":"username","time":"2025-07-19T23:31:44+08:00","message":"\u001b[31mVulnerability Found!\u001b[0m"}
{"level":"info","type":"SQLi","url":"http://testphp.vulnweb.com/Mod_Rewrite_Shop/RateProduct-3.html","param":"password","time":"2025-07-19T23:31:45+08:00","message":"\u001b[31mVulnerability Found!\u001b[0m"}
{"level":"info","type":"SQLi","url":"http://testphp.vulnweb.com/%3E","param":"mode","time":"2025-07-19T23:31:45+08:00","message":"\u001b[31mVulnerability Found!\u001b[0m"}
{"level":"info","type":"SQLi","url":"http://testphp.vulnweb.com/Mod_Rewrite_Shop/RateProduct-3.html","param":"email","time":"2025-07-19T23:31:45+08:00","message":"\u001b[31mVulnerability Found!\u001b[0m"}
{"level":"info","type":"SQLi","url":"http://testphp.vulnweb.com/%3E","param":"admin","time":"2025-07-19T23:31:46+08:00","message":"\u001b[31mVulnerability Found!\u001b[0m"}
{"level":"info","type":"SQLi","url":"http://testphp.vulnweb.com/%3E","param":"user","time":"2025-07-19T23:31:46+08:00","message":"\u001b[31mVulnerability Found!\u001b[0m"}
{"level":"info","type":"SQLi","url":"http://testphp.vulnweb.com/Mod_Rewrite_Shop/RateProduct-3.html","param":"name","time":"2025-07-19T23:31:46+08:00","message":"\u001b[31mVulnerability Found!\u001b[0m"}
{"level":"info","type":"SQLi","url":"http://testphp.vulnweb.com/Mod_Rewrite_Shop/RateProduct-3.html","param":"sort","time":"2025-07-19T23:31:47+08:00","message":"\u001b[31mVulnerability Found!\u001b[0m"}
{"level":"info","type":"SQLi","url":"http://testphp.vulnweb.com/%3E","param":"username","time":"2025-07-19T23:31:47+08:00","message":"\u001b[31mVulnerability Found!\u001b[0m"}
{"level":"info","type":"SQLi","url":"http://testphp.vulnweb.com/Mod_Rewrite_Shop/RateProduct-3.html","param":"order","time":"2025-07-19T23:31:48+08:00","message":"\u001b[31mVulnerability Found!\u001b[0m"}
{"level":"info","type":"SQLi","url":"http://testphp.vulnweb.com/%3E","param":"password","time":"2025-07-19T23:31:48+08:00","message":"\u001b[31mVulnerability Found!\u001b[0m"}
{"level":"info","type":"SQLi","url":"http://testphp.vulnweb.com/Mod_Rewrite_Shop/RateProduct-3.html","param":"limit","time":"2025-07-19T23:31:48+08:00","message":"\u001b[31mVulnerability Found!\u001b[0m"}
{"level":"info","type":"SQLi","url":"http://testphp.vulnweb.com/%3E","param":"email","time":"2025-07-19T23:31:48+08:00","message":"\u001b[31mVulnerability Found!\u001b[0m"}
{"level":"info","type":"SQLi","url":"http://testphp.vulnweb.com/Mod_Rewrite_Shop/RateProduct-3.html","param":"offset","time":"2025-07-19T23:31:49+08:00","message":"\u001b[31mVulnerability Found!\u001b[0m"}
{"level":"info","type":"SQLi","url":"http://testphp.vulnweb.com/%3E","param":"name","time":"2025-07-19T23:31:49+08:00","message":"\u001b[31mVulnerability Found!\u001b[0m"}
{"level":"info","type":"SQLi","url":"http://testphp.vulnweb.com/Mod_Rewrite_Shop/RateProduct-3.html","param":"start","time":"2025-07-19T23:31:49+08:00","message":"\u001b[31mVulnerability Found!\u001b[0m"}
{"level":"info","type":"SQLi","url":"http://testphp.vulnweb.com/Mod_Rewrite_Shop/RateProduct-3.html","param":"end","time":"2025-07-19T23:31:49+08:00","message":"\u001b[31mVulnerability Found!\u001b[0m"}
{"level":"info","type":"SQLi","url":"http://testphp.vulnweb.com/Mod_Rewrite_Shop/RateProduct-3.html","param":"date","time":"2025-07-19T23:31:50+08:00","message":"\u001b[31mVulnerability Found!\u001b[0m"}
{"level":"info","type":"SQLi","url":"http://testphp.vulnweb.com/Mod_Rewrite_Shop/RateProduct-3.html","param":"month","time":"2025-07-19T23:31:50+08:00","message":"\u001b[31mVulnerability Found!\u001b[0m"}
{"level":"info","type":"SQLi","url":"http://testphp.vulnweb.com/Mod_Rewrite_Shop/RateProduct-3.html","param":"year","time":"2025-07-19T23:31:51+08:00","message":"\u001b[31mVulnerability Found!\u001b[0m"}
{"level":"info","type":"SQLi","url":"http://testphp.vulnweb.com/%3E","param":"order","time":"2025-07-19T23:31:51+08:00","message":"\u001b[31mVulnerability Found!\u001b[0m"}
{"level":"info","type":"SQLi","url":"http://testphp.vulnweb.com/Mod_Rewrite_Shop/RateProduct-3.html","param":"time","time":"2025-07-19T23:31:51+08:00","message":"\u001b[31mVulnerability Found!\u001b[0m"}
{"level":"info","type":"SQLi","url":"http://testphp.vulnweb.com/%3E","param":"limit","time":"2025-07-19T23:31:51+08:00","message":"\u001b[31mVulnerability Found!\u001b[0m"}
{"level":"info","type":"SQLi","url":"http://testphp.vulnweb.com/Mod_Rewrite_Shop/RateProduct-3.html","param":"filter","time":"2025-07-19T23:31:52+08:00","message":"\u001b[31mVulnerability Found!\u001b[0m"}
{"level":"info","type":"SQLi","url":"http://testphp.vulnweb.com/%3E","param":"offset","time":"2025-07-19T23:31:52+08:00","message":"\u001b[31mVulnerability Found!\u001b[0m"}
{"level":"info","type":"SQLi","url":"http://testphp.vulnweb.com/Mod_Rewrite_Shop/RateProduct-3.html","param":"tag","time":"2025-07-19T23:31:52+08:00","message":"\u001b[31mVulnerability Found!\u001b[0m"}
{"level":"info","type":"SQLi","url":"http://testphp.vulnweb.com/Mod_Rewrite_Shop/RateProduct-3.html","param":"status","time":"2025-07-19T23:31:53+08:00","message":"\u001b[31mVulnerability Found!\u001b[0m"}
{"level":"info","type":"SQLi","url":"http://testphp.vulnweb.com/%3E","param":"start","time":"2025-07-19T23:31:53+08:00","message":"\u001b[31mVulnerability Found!\u001b[0m"}
{"level":"info","type":"SQLi","url":"http://testphp.vulnweb.com/%3E","param":"end","time":"2025-07-19T23:31:54+08:00","message":"\u001b[31mVulnerability Found!\u001b[0m"}
{"level":"info","type":"SQLi","url":"http://testphp.vulnweb.com/%3E","param":"date","time":"2025-07-19T23:31:55+08:00","message":"\u001b[31mVulnerability Found!\u001b[0m"}
{"level":"info","type":"SQLi","url":"http://testphp.vulnweb.com/%3E","param":"month","time":"2025-07-19T23:31:55+08:00","message":"\u001b[31mVulnerability Found!\u001b[0m"}
{"level":"info","type":"SQLi","url":"http://testphp.vulnweb.com/%3E","param":"year","time":"2025-07-19T23:31:55+08:00","message":"\u001b[31mVulnerability Found!\u001b[0m"}
{"level":"info","type":"SQLi","url":"http://testphp.vulnweb.com/%3E","param":"time","time":"2025-07-19T23:31:56+08:00","message":"\u001b[31mVulnerability Found!\u001b[0m"}
{"level":"info","type":"SQLi","url":"http://testphp.vulnweb.com/%3E","param":"filter","time":"2025-07-19T23:31:56+08:00","message":"\u001b[31mVulnerability Found!\u001b[0m"}
{"level":"info","type":"SQLi","url":"http://testphp.vulnweb.com/%3E","param":"tag","time":"2025-07-19T23:31:57+08:00","message":"\u001b[31mVulnerability Found!\u001b[0m"}
{"level":"info","type":"SQLi","url":"http://testphp.vulnweb.com/%3E","param":"status","time":"2025-07-19T23:31:57+08:00","message":"\u001b[31mVulnerability Found!\u001b[0m"}
{"level":"info","type":"SQLi","url":"http://testphp.vulnweb.com/Mod_Rewrite_Shop/","param":"filter","time":"2025-07-19T23:32:03+08:00","message":"\u001b[31mVulnerability Found!\u001b[0m"}
{"level":"info","type":"SQLi","url":"http://testphp.vulnweb.com/secured/newuser.php","param":"debug","time":"2025-07-19T23:32:03+08:00","message":"\u001b[31mVulnerability Found!\u001b[0m"}
{"level":"info","type":"SQLi","url":"http://testphp.vulnweb.com/userinfo.php","param":"tag","time":"2025-07-19T23:32:03+08:00","message":"\u001b[31mVulnerability Found!\u001b[0m"}
{"level":"info","type":"SQLi","url":"http://testphp.vulnweb.com/signup.php","param":"password","time":"2025-07-19T23:32:03+08:00","message":"\u001b[31mVulnerability Found!\u001b[0m"}
{"level":"info","type":"SQLi","url":"http://testphp.vulnweb.com/signup.php","param":"email","time":"2025-07-19T23:32:05+08:00","message":"\u001b[31mVulnerability Found!\u001b[0m"}
{"level":"info","type":"SQLi","url":"http://testphp.vulnweb.com/secured/newuser.php","param":"mode","time":"2025-07-19T23:32:05+08:00","message":"\u001b[31mVulnerability Found!\u001b[0m"}
{"level":"info","type":"SQLi","url":"http://testphp.vulnweb.com/Mod_Rewrite_Shop/","param":"status","time":"2025-07-19T23:32:05+08:00","message":"\u001b[31mVulnerability Found!\u001b[0m"}
{"level":"info","type":"SQLi","url":"http://testphp.vulnweb.com/hpp/","param":"filter","time":"2025-07-19T23:32:05+08:00","message":"\u001b[31mVulnerability Found!\u001b[0m"}
{"level":"info","type":"SQLi","url":"http://testphp.vulnweb.com/showimage.php?file=","param":"order","time":"2025-07-19T23:32:05+08:00","message":"\u001b[31mVulnerability Found!\u001b[0m"}
{"level":"warn","error":"Get \"http://testphp.vulnweb.com/showimage.php?action=&admin=&callback=&cat=&category=&date=&debug=&dir=&email=&end=&file=&filter=&format=&id=&jsonp=&key=&keyword=&lang=&language=&limit=&locale=&mode=&month=&name=&next=&offset=&order=&page=&password=&path=&q=&query=&redirect=&redirectUrl=&return=&s=&search=&site=&sort=&start=&status=&tag=&target=&test=&time=&token=&type=&url=&user=&username=&view=&year=\": dial tcp 44.228.249.3:80: connectex: No connection could be made because the target machine actively refused it.","time":"2025-07-19T23:32:08+08:00","message":"Failed to fetch original response for baseline comparison"}
{"level":"warn","error":"Get \"http://testphp.vulnweb.com/hpp/?action=&admin=&callback=&cat=&category=&date=&debug=&dir=&email=&end=&file=&filter=&format=&id=&jsonp=&key=&keyword=&lang=&language=&limit=&locale=&mode=&month=&name=&next=&offset=&order=&page=&password=&path=&q=&query=&redirect=&redirectUrl=&return=&s=&search=&site=&sort=&start=&status=&tag=&target=&test=&time=&token=&type=&url=&user=&username=&view=&year=\": dial tcp 44.228.249.3:80: connectex: No connection could be made because the target machine actively refused it.","time":"2025-07-19T23:32:09+08:00","message":"Failed to fetch original response for baseline comparison"}
{"level":"info","file":"reports\\urls-Vulns.txt","time":"2025-07-19T23:32:31+08:00","message":"Vulnerability report saved successfully"}
{"level":"info","time":"2025-07-19T23:32:31+08:00","message":"Orchestrator finished."}
{"level":"info","time":"2025-07-19T23:32:31+08:00","message":"Orchestrator finished."}
